<?xml version="1.0" encoding="UTF-8"?>
<coverage generated="1645801779849" clover="3.2.0">
  <project timestamp="1645801779850" name="All files">
    <metrics statements="15" coveredstatements="15" conditionals="12" coveredconditionals="12" methods="6" coveredmethods="6" elements="33" coveredelements="33" complexity="0" loc="15" ncloc="15" packages="1" files="1" classes="1"/>
    <file name="main.js" path="/home/mikess/Downloads/nodeTest-main/main.js">
      <metrics statements="15" coveredstatements="15" conditionals="12" coveredconditionals="12" methods="6" coveredmethods="6"/>
      <line num="4" count="2" type="cond" truecount="2" falsecount="0"/>
      <line num="5" count="1" type="stmt"/>
      <line num="11" count="2" type="cond" truecount="2" falsecount="0"/>
      <line num="12" count="1" type="stmt"/>
      <line num="18" count="2" type="cond" truecount="2" falsecount="0"/>
      <line num="19" count="1" type="stmt"/>
      <line num="23" count="2" type="cond" truecount="2" falsecount="0"/>
      <line num="24" count="1" type="stmt"/>
      <line num="28" count="2" type="cond" truecount="2" falsecount="0"/>
      <line num="29" count="1" type="stmt"/>
      <line num="30" count="1" type="stmt"/>
      <line num="35" count="2" type="cond" truecount="2" falsecount="0"/>
      <line num="36" count="1" type="stmt"/>
      <line num="38" count="1" type="stmt"/>
      <line num="42" count="1" type="stmt"/>
    </file>
  </project>
</coverage>
