{"/home/mikess/Downloads/nodeTest-main/main.js": {"path":"/home/mikess/Downloads/nodeTest-main/main.js","statementMap":{"0":{"start":{"line":4,"column":5},"end":{"line":5,"column":54}},"1":{"start":{"line":4,"column":49},"end":{"line":4,"column":61}},"2":{"start":{"line":5,"column":10},"end":{"line":5,"column":54}},"3":{"start":{"line":11,"column":5},"end":{"line":12,"column":50}},"4":{"start":{"line":11,"column":18},"end":{"line":11,"column":30}},"5":{"start":{"line":12,"column":10},"end":{"line":12,"column":50}},"6":{"start":{"line":18,"column":5},"end":{"line":19,"column":41}},"7":{"start":{"line":18,"column":18},"end":{"line":18,"column":29}},"8":{"start":{"line":19,"column":10},"end":{"line":19,"column":41}},"9":{"start":{"line":23,"column":5},"end":{"line":24,"column":82}},"10":{"start":{"line":23,"column":30},"end":{"line":23,"column":42}},"11":{"start":{"line":24,"column":10},"end":{"line":24,"column":82}},"12":{"start":{"line":28,"column":5},"end":{"line":30,"column":74}},"13":{"start":{"line":29,"column":10},"end":{"line":29,"column":22}},"14":{"start":{"line":30,"column":10},"end":{"line":30,"column":74}},"15":{"start":{"line":35,"column":5},"end":{"line":38,"column":51}},"16":{"start":{"line":36,"column":10},"end":{"line":36,"column":22}},"17":{"start":{"line":38,"column":10},"end":{"line":38,"column":51}},"18":{"start":{"line":42,"column":0},"end":{"line":42,"column":109}}},"fnMap":{"0":{"name":"isAgeValid","decl":{"start":{"line":2,"column":9},"end":{"line":2,"column":19}},"loc":{"start":{"line":2,"column":57},"end":{"line":7,"column":1}},"line":2},"1":{"name":"isPartyOpen","decl":{"start":{"line":9,"column":9},"end":{"line":9,"column":20}},"loc":{"start":{"line":9,"column":29},"end":{"line":14,"column":1}},"line":9},"2":{"name":"isPartyValid","decl":{"start":{"line":16,"column":9},"end":{"line":16,"column":21}},"loc":{"start":{"line":16,"column":30},"end":{"line":20,"column":1}},"line":16},"3":{"name":"isPartyDateValid","decl":{"start":{"line":22,"column":9},"end":{"line":22,"column":25}},"loc":{"start":{"line":22,"column":32},"end":{"line":25,"column":1}},"line":22},"4":{"name":"isInviteNotUsedYet","decl":{"start":{"line":27,"column":9},"end":{"line":27,"column":27}},"loc":{"start":{"line":27,"column":44},"end":{"line":32,"column":1}},"line":27},"5":{"name":"isPartyFull","decl":{"start":{"line":34,"column":9},"end":{"line":34,"column":20}},"loc":{"start":{"line":34,"column":50},"end":{"line":39,"column":1}},"line":34}},"branchMap":{"0":{"loc":{"start":{"line":4,"column":5},"end":{"line":5,"column":54}},"type":"if","locations":[{"start":{"line":4,"column":5},"end":{"line":5,"column":54}},{"start":{"line":5,"column":10},"end":{"line":5,"column":54}}],"line":4},"1":{"loc":{"start":{"line":11,"column":5},"end":{"line":12,"column":50}},"type":"if","locations":[{"start":{"line":11,"column":5},"end":{"line":12,"column":50}},{"start":{"line":12,"column":10},"end":{"line":12,"column":50}}],"line":11},"2":{"loc":{"start":{"line":18,"column":5},"end":{"line":19,"column":41}},"type":"if","locations":[{"start":{"line":18,"column":5},"end":{"line":19,"column":41}},{"start":{"line":19,"column":10},"end":{"line":19,"column":41}}],"line":18},"3":{"loc":{"start":{"line":23,"column":5},"end":{"line":24,"column":82}},"type":"if","locations":[{"start":{"line":23,"column":5},"end":{"line":24,"column":82}},{"start":{"line":24,"column":10},"end":{"line":24,"column":82}}],"line":23},"4":{"loc":{"start":{"line":28,"column":5},"end":{"line":30,"column":74}},"type":"if","locations":[{"start":{"line":28,"column":5},"end":{"line":30,"column":74}},{"start":{"line":30,"column":10},"end":{"line":30,"column":74}}],"line":28},"5":{"loc":{"start":{"line":35,"column":5},"end":{"line":38,"column":51}},"type":"if","locations":[{"start":{"line":35,"column":5},"end":{"line":38,"column":51}},{"start":{"line":38,"column":10},"end":{"line":38,"column":51}}],"line":35}},"s":{"0":2,"1":1,"2":1,"3":2,"4":1,"5":1,"6":2,"7":1,"8":1,"9":2,"10":1,"11":1,"12":2,"13":1,"14":1,"15":2,"16":1,"17":1,"18":1},"f":{"0":2,"1":2,"2":2,"3":2,"4":2,"5":2},"b":{"0":[1,1],"1":[1,1],"2":[1,1],"3":[1,1],"4":[1,1],"5":[1,1]},"_coverageSchema":"1a1c01bbd47fc00a2c39e90264f33305004495a9","hash":"35bdfb8f04e973b4ac228055e216cb33a8eec2e1"}
}
