TN:
SF:main.js
FN:2,isAgeValid
FN:9,isPartyOpen
FN:16,isPartyValid
FN:22,isPartyDateValid
FN:27,isInviteNotUsedYet
FN:34,isPartyFull
FNF:6
FNH:6
FNDA:2,isAgeValid
FNDA:2,isPartyOpen
FNDA:2,isPartyValid
FNDA:2,isPartyDateValid
FNDA:2,isInviteNotUsedYet
FNDA:2,isPartyFull
DA:4,2
DA:5,1
DA:11,2
DA:12,1
DA:18,2
DA:19,1
DA:23,2
DA:24,1
DA:28,2
DA:29,1
DA:30,1
DA:35,2
DA:36,1
DA:38,1
DA:42,1
LF:15
LH:15
BRDA:4,0,0,1
BRDA:4,0,1,1
BRDA:11,1,0,1
BRDA:11,1,1,1
BRDA:18,2,0,1
BRDA:18,2,1,1
BRDA:23,3,0,1
BRDA:23,3,1,1
BRDA:28,4,0,1
BRDA:28,4,1,1
BRDA:35,5,0,1
BRDA:35,5,1,1
BRF:12
BRH:12
end_of_record
